c:\users\kelvinchan\documents\visual studio 2015\projects\screencap\screencap\debug\screencap.pch
c:\users\kelvinchan\documents\visual studio 2015\projects\screencap\screencap\debug\vc140.pdb
c:\users\kelvinchan\documents\visual studio 2015\projects\screencap\screencap\debug\vc140.idb
c:\users\kelvinchan\documents\visual studio 2015\projects\screencap\screencap\debug\stdafx.obj
c:\users\kelvinchan\documents\visual studio 2015\projects\screencap\screencap\debug\screencap.obj
c:\users\kelvinchan\documents\visual studio 2015\projects\screencap\debug\screencap.ilk
c:\users\kelvinchan\documents\visual studio 2015\projects\screencap\debug\screencap.dll
c:\users\kelvinchan\documents\visual studio 2015\projects\screencap\debug\screencap.pdb
c:\users\kelvinchan\documents\visual studio 2015\projects\screencap\screencap\debug\screencap.res
c:\users\kelvinchan\documents\visual studio 2015\projects\screencap\debug\screencap.lib
c:\users\kelvinchan\documents\visual studio 2015\projects\screencap\debug\screencap.exp
c:\users\kelvinchan\documents\visual studio 2015\projects\screencap\screencap\debug\screencap.tlog\cl.command.1.tlog
c:\users\kelvinchan\documents\visual studio 2015\projects\screencap\screencap\debug\screencap.tlog\cl.read.1.tlog
c:\users\kelvinchan\documents\visual studio 2015\projects\screencap\screencap\debug\screencap.tlog\cl.write.1.tlog
c:\users\kelvinchan\documents\visual studio 2015\projects\screencap\screencap\debug\screencap.tlog\link.command.1.tlog
c:\users\kelvinchan\documents\visual studio 2015\projects\screencap\screencap\debug\screencap.tlog\link.read.1.tlog
c:\users\kelvinchan\documents\visual studio 2015\projects\screencap\screencap\debug\screencap.tlog\link.write.1.tlog
c:\users\kelvinchan\documents\visual studio 2015\projects\screencap\screencap\debug\screencap.tlog\rc.command.1.tlog
c:\users\kelvinchan\documents\visual studio 2015\projects\screencap\screencap\debug\screencap.tlog\rc.read.1.tlog
c:\users\kelvinchan\documents\visual studio 2015\projects\screencap\screencap\debug\screencap.tlog\rc.write.1.tlog
c:\users\kelvinchan\documents\visual studio 2015\projects\screencap\screencap\debug\screencap.tlog\screencap.write.1u.tlog
